<?xml version="1.0" encoding="UTF-8"?>
<!-- Generated by org.testng.reporters.JUnitReportReporter -->
<testsuite hostname="DESKTOP-4JBD7LS" failures="0" tests="1" name="Iwec.Vesna.TC_SEARCH_001" time="3.687" errors="0" timestamp="24 Nov 2022 16:26:21 GMT" skipped="0">
  <testcase classname="Iwec.Vesna.TC_SEARCH_001" name="searchForexistingPrudct" time="3.687"/>
</testsuite> <!-- Iwec.Vesna.TC_SEARCH_001 -->
