<?xml version="1.0" encoding="UTF-8"?>
<!-- Generated by org.testng.reporters.JUnitReportReporter -->
<testsuite hostname="DESKTOP-4JBD7LS" failures="0" tests="1" name="Iwec.Vesna.TC_SEARCH_002" time="4.158" errors="0" timestamp="23 Nov 2022 20:26:27 GMT" skipped="0">
  <testcase classname="Iwec.Vesna.TC_SEARCH_002" name="searchForNonExistingProduct" time="4.158"/>
</testsuite> <!-- Iwec.Vesna.TC_SEARCH_002 -->
