<?xml version="1.0" encoding="UTF-8"?>
<!-- Generated by org.testng.reporters.JUnitReportReporter -->
<testsuite hostname="DESKTOP-4JBD7LS" failures="0" tests="1" name="Iwec.Vesna.TC_REGISTER_009" time="4.917" errors="0" timestamp="24 Nov 2022 16:13:47 GMT" skipped="0">
  <testcase classname="Iwec.Vesna.TC_REGISTER_009" name="registerWithInvalidPass" time="4.917"/>
</testsuite> <!-- Iwec.Vesna.TC_REGISTER_009 -->
