<?xml version="1.0" encoding="UTF-8"?>
<!-- Generated by org.testng.reporters.JUnitReportReporter -->
<testsuite hostname="DESKTOP-4JBD7LS" failures="0" tests="1" name="Iwec.Vesna.Search" time="3.133" errors="0" timestamp="25 Nov 2022 18:41:52 GMT" skipped="0">
  <testcase classname="Iwec.Vesna.Search" name="TC_SEARCH_001_searchForexistingPrudct" time="3.133"/>
</testsuite> <!-- Iwec.Vesna.Search -->
