<?xml version="1.0" encoding="UTF-8"?>
<!-- Generated by org.testng.reporters.JUnitReportReporter -->
<testsuite hostname="DESKTOP-4JBD7LS" failures="0" tests="1" name="Iwec.Vesna.TC_REGISTER_005" time="5.265" errors="0" timestamp="24 Nov 2022 16:09:34 GMT" skipped="0">
  <testcase classname="Iwec.Vesna.TC_REGISTER_005" name="regWithDifferentPassAndCofirmPass" time="5.265"/>
</testsuite> <!-- Iwec.Vesna.TC_REGISTER_005 -->
