<?xml version="1.0" encoding="UTF-8"?>
<!-- Generated by org.testng.reporters.JUnitReportReporter -->
<testsuite hostname="DESKTOP-4JBD7LS" failures="0" tests="1" name="Iwec.Vesna.TC_SEARCH_004" time="4.785" errors="0" timestamp="23 Nov 2022 20:30:26 GMT" skipped="0">
  <testcase classname="Iwec.Vesna.TC_SEARCH_004" name="testIsSearchWorksWithLessThan3characters" time="4.785"/>
</testsuite> <!-- Iwec.Vesna.TC_SEARCH_004 -->
