<?xml version="1.0" encoding="UTF-8"?>
<!-- Generated by org.testng.reporters.JUnitReportReporter -->
<testsuite hostname="DESKTOP-4JBD7LS" failures="0" tests="1" name="Iwec.Vesna.Login" time="4.453" errors="0" timestamp="25 Nov 2022 18:36:25 GMT" skipped="0">
  <testcase classname="Iwec.Vesna.Login" name="TC_LOGIN_003LogInWithValidEmailInvalidPass" time="4.453"/>
</testsuite> <!-- Iwec.Vesna.Login -->
