<?xml version="1.0" encoding="UTF-8"?>
<!-- Generated by org.testng.reporters.JUnitReportReporter -->
<testsuite hostname="DESKTOP-4JBD7LS" failures="0" tests="1" name="Iwec.Vesna.TC_REGISTER_011" time="5.047" errors="0" timestamp="24 Nov 2022 16:16:46 GMT" skipped="0">
  <testcase classname="Iwec.Vesna.TC_REGISTER_011" name="registerWithEmptyFirstNameField" time="5.047"/>
</testsuite> <!-- Iwec.Vesna.TC_REGISTER_011 -->
