<?xml version="1.0" encoding="UTF-8"?>
<!-- Generated by org.testng.reporters.JUnitReportReporter -->
<testsuite hostname="DESKTOP-4JBD7LS" failures="0" tests="1" name="Iwec.Vesna.TC_REGISTER_002" time="4.287" errors="0" timestamp="24 Nov 2022 16:02:43 GMT" skipped="0">
  <testcase classname="Iwec.Vesna.TC_REGISTER_002" name="registerWithValidCredentials" time="4.287"/>
</testsuite> <!-- Iwec.Vesna.TC_REGISTER_002 -->
