<?xml version="1.0" encoding="UTF-8"?>
<!-- Generated by org.testng.reporters.JUnitReportReporter -->
<testsuite hostname="DESKTOP-4JBD7LS" failures="0" tests="1" name="Iwec.Vesna.TC_LOGIN_003" time="3.240" errors="0" timestamp="24 Nov 2022 15:56:15 GMT" skipped="0">
  <testcase classname="Iwec.Vesna.TC_LOGIN_003" name="logInWithValidEmailInvalidPass" time="3.240"/>
</testsuite> <!-- Iwec.Vesna.TC_LOGIN_003 -->
