<?xml version="1.0" encoding="UTF-8"?>
<!-- Generated by org.testng.reporters.JUnitReportReporter -->
<testsuite hostname="DESKTOP-4JBD7LS" failures="0" tests="1" name="Iwec.Vesna.TC_LOGIN_008" time="3.993" errors="0" timestamp="24 Nov 2022 16:02:04 GMT" skipped="0">
  <testcase classname="Iwec.Vesna.TC_LOGIN_008" name="logInWithEmptyEmailValidPass" time="3.993"/>
</testsuite> <!-- Iwec.Vesna.TC_LOGIN_008 -->
